running egg_info
creating ../build/warehouse_segment_detect_publisher/warehouse_segment_detect_publisher.egg-info
writing ../build/warehouse_segment_detect_publisher/warehouse_segment_detect_publisher.egg-info/PKG-INFO
writing dependency_links to ../build/warehouse_segment_detect_publisher/warehouse_segment_detect_publisher.egg-info/dependency_links.txt
writing entry points to ../build/warehouse_segment_detect_publisher/warehouse_segment_detect_publisher.egg-info/entry_points.txt
writing requirements to ../build/warehouse_segment_detect_publisher/warehouse_segment_detect_publisher.egg-info/requires.txt
writing top-level names to ../build/warehouse_segment_detect_publisher/warehouse_segment_detect_publisher.egg-info/top_level.txt
writing manifest file '../build/warehouse_segment_detect_publisher/warehouse_segment_detect_publisher.egg-info/SOURCES.txt'
reading manifest file '../build/warehouse_segment_detect_publisher/warehouse_segment_detect_publisher.egg-info/SOURCES.txt'
writing manifest file '../build/warehouse_segment_detect_publisher/warehouse_segment_detect_publisher.egg-info/SOURCES.txt'
running build
running install
running install_data
creating /home/isha/repos/pallet-detection-segmentation/ros2_ws/install/warehouse_segment_detect_publisher/share
creating /home/isha/repos/pallet-detection-segmentation/ros2_ws/install/warehouse_segment_detect_publisher/share/ament_index
creating /home/isha/repos/pallet-detection-segmentation/ros2_ws/install/warehouse_segment_detect_publisher/share/ament_index/resource_index
creating /home/isha/repos/pallet-detection-segmentation/ros2_ws/install/warehouse_segment_detect_publisher/share/ament_index/resource_index/packages
copying resource/warehouse_segment_detect_publisher -> /home/isha/repos/pallet-detection-segmentation/ros2_ws/install/warehouse_segment_detect_publisher/share/ament_index/resource_index/packages
creating /home/isha/repos/pallet-detection-segmentation/ros2_ws/install/warehouse_segment_detect_publisher/share/warehouse_segment_detect_publisher
copying package.xml -> /home/isha/repos/pallet-detection-segmentation/ros2_ws/install/warehouse_segment_detect_publisher/share/warehouse_segment_detect_publisher
running install_egg_info
Copying ../build/warehouse_segment_detect_publisher/warehouse_segment_detect_publisher.egg-info to /home/isha/repos/pallet-detection-segmentation/ros2_ws/install/warehouse_segment_detect_publisher/lib/python3.10/site-packages/warehouse_segment_detect_publisher-0.0.0-py3.10.egg-info
running install_scripts
Installing inference script to /home/isha/repos/pallet-detection-segmentation/ros2_ws/install/warehouse_segment_detect_publisher/lib/warehouse_segment_detect_publisher
writing list of installed files to '/home/isha/repos/pallet-detection-segmentation/ros2_ws/build/warehouse_segment_detect_publisher/install.log'
