/home/isha/repos/pallet-detection-segmentation/ros2_ws/install/warehouse_segment_detect_publisher/lib/python3.10/site-packages/warehouse_segment_detect_publisher/ground_segmentor.py
/home/isha/repos/pallet-detection-segmentation/ros2_ws/install/warehouse_segment_detect_publisher/lib/python3.10/site-packages/warehouse_segment_detect_publisher/__init__.py
/home/isha/repos/pallet-detection-segmentation/ros2_ws/install/warehouse_segment_detect_publisher/lib/python3.10/site-packages/warehouse_segment_detect_publisher/main.py
/home/isha/repos/pallet-detection-segmentation/ros2_ws/install/warehouse_segment_detect_publisher/lib/python3.10/site-packages/warehouse_segment_detect_publisher/inference.py
/home/isha/repos/pallet-detection-segmentation/ros2_ws/install/warehouse_segment_detect_publisher/lib/python3.10/site-packages/warehouse_segment_detect_publisher/pallet_detector.py
/home/isha/repos/pallet-detection-segmentation/ros2_ws/install/warehouse_segment_detect_publisher/lib/python3.10/site-packages/warehouse_segment_detect_publisher/__pycache__/ground_segmentor.cpython-310.pyc
/home/isha/repos/pallet-detection-segmentation/ros2_ws/install/warehouse_segment_detect_publisher/lib/python3.10/site-packages/warehouse_segment_detect_publisher/__pycache__/__init__.cpython-310.pyc
/home/isha/repos/pallet-detection-segmentation/ros2_ws/install/warehouse_segment_detect_publisher/lib/python3.10/site-packages/warehouse_segment_detect_publisher/__pycache__/main.cpython-310.pyc
/home/isha/repos/pallet-detection-segmentation/ros2_ws/install/warehouse_segment_detect_publisher/lib/python3.10/site-packages/warehouse_segment_detect_publisher/__pycache__/inference.cpython-310.pyc
/home/isha/repos/pallet-detection-segmentation/ros2_ws/install/warehouse_segment_detect_publisher/lib/python3.10/site-packages/warehouse_segment_detect_publisher/__pycache__/pallet_detector.cpython-310.pyc
/home/isha/repos/pallet-detection-segmentation/ros2_ws/install/warehouse_segment_detect_publisher/share/ament_index/resource_index/packages/warehouse_segment_detect_publisher
/home/isha/repos/pallet-detection-segmentation/ros2_ws/install/warehouse_segment_detect_publisher/share/warehouse_segment_detect_publisher/package.xml
/home/isha/repos/pallet-detection-segmentation/ros2_ws/install/warehouse_segment_detect_publisher/share/warehouse_segment_detect_publisher/launch/warehouse_segment_detect.launch.py
/home/isha/repos/pallet-detection-segmentation/ros2_ws/install/warehouse_segment_detect_publisher/lib/python3.10/site-packages/warehouse_segment_detect_publisher-0.0.0-py3.10.egg-info/entry_points.txt
/home/isha/repos/pallet-detection-segmentation/ros2_ws/install/warehouse_segment_detect_publisher/lib/python3.10/site-packages/warehouse_segment_detect_publisher-0.0.0-py3.10.egg-info/zip-safe
/home/isha/repos/pallet-detection-segmentation/ros2_ws/install/warehouse_segment_detect_publisher/lib/python3.10/site-packages/warehouse_segment_detect_publisher-0.0.0-py3.10.egg-info/PKG-INFO
/home/isha/repos/pallet-detection-segmentation/ros2_ws/install/warehouse_segment_detect_publisher/lib/python3.10/site-packages/warehouse_segment_detect_publisher-0.0.0-py3.10.egg-info/SOURCES.txt
/home/isha/repos/pallet-detection-segmentation/ros2_ws/install/warehouse_segment_detect_publisher/lib/python3.10/site-packages/warehouse_segment_detect_publisher-0.0.0-py3.10.egg-info/requires.txt
/home/isha/repos/pallet-detection-segmentation/ros2_ws/install/warehouse_segment_detect_publisher/lib/python3.10/site-packages/warehouse_segment_detect_publisher-0.0.0-py3.10.egg-info/top_level.txt
/home/isha/repos/pallet-detection-segmentation/ros2_ws/install/warehouse_segment_detect_publisher/lib/python3.10/site-packages/warehouse_segment_detect_publisher-0.0.0-py3.10.egg-info/dependency_links.txt
/home/isha/repos/pallet-detection-segmentation/ros2_ws/install/warehouse_segment_detect_publisher/lib/warehouse_segment_detect_publisher/inference
