running egg_info
writing ../build/warehouse_segment_detect_publisher/warehouse_segment_detect_publisher.egg-info/PKG-INFO
writing dependency_links to ../build/warehouse_segment_detect_publisher/warehouse_segment_detect_publisher.egg-info/dependency_links.txt
writing entry points to ../build/warehouse_segment_detect_publisher/warehouse_segment_detect_publisher.egg-info/entry_points.txt
writing requirements to ../build/warehouse_segment_detect_publisher/warehouse_segment_detect_publisher.egg-info/requires.txt
writing top-level names to ../build/warehouse_segment_detect_publisher/warehouse_segment_detect_publisher.egg-info/top_level.txt
reading manifest file '../build/warehouse_segment_detect_publisher/warehouse_segment_detect_publisher.egg-info/SOURCES.txt'
writing manifest file '../build/warehouse_segment_detect_publisher/warehouse_segment_detect_publisher.egg-info/SOURCES.txt'
running build
running build_py
copying src/warehouse_segment_detect_publisher/main.py -> /home/isha/repos/pallet-detection-segmentation/ros2_ws/build/warehouse_segment_detect_publisher/build/lib/warehouse_segment_detect_publisher
copying src/warehouse_segment_detect_publisher/inference.py -> /home/isha/repos/pallet-detection-segmentation/ros2_ws/build/warehouse_segment_detect_publisher/build/lib/warehouse_segment_detect_publisher
running install
running install_lib
copying /home/isha/repos/pallet-detection-segmentation/ros2_ws/build/warehouse_segment_detect_publisher/build/lib/warehouse_segment_detect_publisher/main.py -> /home/isha/repos/pallet-detection-segmentation/ros2_ws/install/warehouse_segment_detect_publisher/lib/python3.10/site-packages/warehouse_segment_detect_publisher
copying /home/isha/repos/pallet-detection-segmentation/ros2_ws/build/warehouse_segment_detect_publisher/build/lib/warehouse_segment_detect_publisher/inference.py -> /home/isha/repos/pallet-detection-segmentation/ros2_ws/install/warehouse_segment_detect_publisher/lib/python3.10/site-packages/warehouse_segment_detect_publisher
byte-compiling /home/isha/repos/pallet-detection-segmentation/ros2_ws/install/warehouse_segment_detect_publisher/lib/python3.10/site-packages/warehouse_segment_detect_publisher/main.py to main.cpython-310.pyc
byte-compiling /home/isha/repos/pallet-detection-segmentation/ros2_ws/install/warehouse_segment_detect_publisher/lib/python3.10/site-packages/warehouse_segment_detect_publisher/inference.py to inference.cpython-310.pyc
running install_data
running install_egg_info
removing '/home/isha/repos/pallet-detection-segmentation/ros2_ws/install/warehouse_segment_detect_publisher/lib/python3.10/site-packages/warehouse_segment_detect_publisher-0.0.0-py3.10.egg-info' (and everything under it)
Copying ../build/warehouse_segment_detect_publisher/warehouse_segment_detect_publisher.egg-info to /home/isha/repos/pallet-detection-segmentation/ros2_ws/install/warehouse_segment_detect_publisher/lib/python3.10/site-packages/warehouse_segment_detect_publisher-0.0.0-py3.10.egg-info
running install_scripts
Installing inference script to /home/isha/repos/pallet-detection-segmentation/ros2_ws/install/warehouse_segment_detect_publisher/lib/warehouse_segment_detect_publisher
writing list of installed files to '/home/isha/repos/pallet-detection-segmentation/ros2_ws/build/warehouse_segment_detect_publisher/install.log'
