[0.459s] Invoking command in '/home/isha/repos/pallet-detection-segmentation/ros2_ws/warehouse_segment_detect_publisher': PYTHONPATH=/home/isha/repos/pallet-detection-segmentation/ros2_ws/build/warehouse_segment_detect_publisher/prefix_override:/usr/lib/python3/dist-packages/colcon_core/task/python/colcon_distutils_commands:/home/isha/repos/pallet-detection-segmentation/ros2_ws/install/warehouse_segment_detect_publisher/lib/python3.10/site-packages:${PYTHONPATH} /usr/bin/python3 -W ignore:setup.py install is deprecated -W ignore:easy_install command is deprecated setup.py egg_info --egg-base ../build/warehouse_segment_detect_publisher build --build-base /home/isha/repos/pallet-detection-segmentation/ros2_ws/build/warehouse_segment_detect_publisher/build install --record /home/isha/repos/pallet-detection-segmentation/ros2_ws/build/warehouse_segment_detect_publisher/install.log --single-version-externally-managed install_data
[0.645s] running egg_info
[0.645s] writing ../build/warehouse_segment_detect_publisher/warehouse_segment_detect_publisher.egg-info/PKG-INFO
[0.645s] writing dependency_links to ../build/warehouse_segment_detect_publisher/warehouse_segment_detect_publisher.egg-info/dependency_links.txt
[0.645s] writing entry points to ../build/warehouse_segment_detect_publisher/warehouse_segment_detect_publisher.egg-info/entry_points.txt
[0.646s] writing requirements to ../build/warehouse_segment_detect_publisher/warehouse_segment_detect_publisher.egg-info/requires.txt
[0.646s] writing top-level names to ../build/warehouse_segment_detect_publisher/warehouse_segment_detect_publisher.egg-info/top_level.txt
[0.646s] reading manifest file '../build/warehouse_segment_detect_publisher/warehouse_segment_detect_publisher.egg-info/SOURCES.txt'
[0.647s] writing manifest file '../build/warehouse_segment_detect_publisher/warehouse_segment_detect_publisher.egg-info/SOURCES.txt'
[0.647s] running build
[0.647s] running build_py
[0.647s] copying src/warehouse_segment_detect_publisher/main.py -> /home/isha/repos/pallet-detection-segmentation/ros2_ws/build/warehouse_segment_detect_publisher/build/lib/warehouse_segment_detect_publisher
[0.647s] copying src/warehouse_segment_detect_publisher/inference.py -> /home/isha/repos/pallet-detection-segmentation/ros2_ws/build/warehouse_segment_detect_publisher/build/lib/warehouse_segment_detect_publisher
[0.647s] running install
[0.647s] running install_lib
[0.647s] copying /home/isha/repos/pallet-detection-segmentation/ros2_ws/build/warehouse_segment_detect_publisher/build/lib/warehouse_segment_detect_publisher/main.py -> /home/isha/repos/pallet-detection-segmentation/ros2_ws/install/warehouse_segment_detect_publisher/lib/python3.10/site-packages/warehouse_segment_detect_publisher
[0.647s] copying /home/isha/repos/pallet-detection-segmentation/ros2_ws/build/warehouse_segment_detect_publisher/build/lib/warehouse_segment_detect_publisher/inference.py -> /home/isha/repos/pallet-detection-segmentation/ros2_ws/install/warehouse_segment_detect_publisher/lib/python3.10/site-packages/warehouse_segment_detect_publisher
[0.648s] byte-compiling /home/isha/repos/pallet-detection-segmentation/ros2_ws/install/warehouse_segment_detect_publisher/lib/python3.10/site-packages/warehouse_segment_detect_publisher/main.py to main.cpython-310.pyc
[0.648s] byte-compiling /home/isha/repos/pallet-detection-segmentation/ros2_ws/install/warehouse_segment_detect_publisher/lib/python3.10/site-packages/warehouse_segment_detect_publisher/inference.py to inference.cpython-310.pyc
[0.648s] running install_data
[0.649s] running install_egg_info
[0.650s] removing '/home/isha/repos/pallet-detection-segmentation/ros2_ws/install/warehouse_segment_detect_publisher/lib/python3.10/site-packages/warehouse_segment_detect_publisher-0.0.0-py3.10.egg-info' (and everything under it)
[0.650s] Copying ../build/warehouse_segment_detect_publisher/warehouse_segment_detect_publisher.egg-info to /home/isha/repos/pallet-detection-segmentation/ros2_ws/install/warehouse_segment_detect_publisher/lib/python3.10/site-packages/warehouse_segment_detect_publisher-0.0.0-py3.10.egg-info
[0.650s] running install_scripts
[0.665s] Installing inference script to /home/isha/repos/pallet-detection-segmentation/ros2_ws/install/warehouse_segment_detect_publisher/lib/warehouse_segment_detect_publisher
[0.665s] writing list of installed files to '/home/isha/repos/pallet-detection-segmentation/ros2_ws/build/warehouse_segment_detect_publisher/install.log'
[0.674s] Invoked command in '/home/isha/repos/pallet-detection-segmentation/ros2_ws/warehouse_segment_detect_publisher' returned '0': PYTHONPATH=/home/isha/repos/pallet-detection-segmentation/ros2_ws/build/warehouse_segment_detect_publisher/prefix_override:/usr/lib/python3/dist-packages/colcon_core/task/python/colcon_distutils_commands:/home/isha/repos/pallet-detection-segmentation/ros2_ws/install/warehouse_segment_detect_publisher/lib/python3.10/site-packages:${PYTHONPATH} /usr/bin/python3 -W ignore:setup.py install is deprecated -W ignore:easy_install command is deprecated setup.py egg_info --egg-base ../build/warehouse_segment_detect_publisher build --build-base /home/isha/repos/pallet-detection-segmentation/ros2_ws/build/warehouse_segment_detect_publisher/build install --record /home/isha/repos/pallet-detection-segmentation/ros2_ws/build/warehouse_segment_detect_publisher/install.log --single-version-externally-managed install_data
