[0.093s] [34mcolcon[0m [1;30mDEBUG[0m [32mCommand line arguments: ['/usr/bin/colcon', 'build'][0m
[0.093s] [34mcolcon[0m [1;30mDEBUG[0m [32mParsed command line arguments: Namespace(log_base=None, log_level=None, verb_name='build', build_base='build', install_base='install', merge_install=False, symlink_install=False, test_result_base=None, continue_on_error=False, executor='parallel', parallel_workers=28, event_handlers=None, ignore_user_meta=False, metas=['./colcon.meta'], base_paths=['.'], packages_ignore=None, packages_ignore_regex=None, paths=None, packages_up_to=None, packages_up_to_regex=None, packages_above=None, packages_above_and_dependencies=None, packages_above_depth=None, packages_select_by_dep=None, packages_skip_by_dep=None, packages_skip_up_to=None, packages_select_build_failed=False, packages_skip_build_finished=False, packages_select_test_failures=False, packages_skip_test_passed=False, packages_select=None, packages_skip=None, packages_select_regex=None, packages_skip_regex=None, packages_start=None, packages_end=None, allow_overriding=[], cmake_args=None, cmake_target=None, cmake_target_skip_unavailable=False, cmake_clean_cache=False, cmake_clean_first=False, cmake_force_configure=False, ament_cmake_args=None, catkin_cmake_args=None, catkin_skip_building_tests=False, mixin_files=None, mixin=None, verb_parser=<colcon_mixin.mixin.mixin_argument.MixinArgumentDecorator object at 0x772b796557e0>, verb_extension=<colcon_core.verb.build.BuildVerb object at 0x772b797af7c0>, main=<bound method BuildVerb.main of <colcon_core.verb.build.BuildVerb object at 0x772b797af7c0>>, mixin_verb=('build',))[0m
[0.192s] [34mcolcon.colcon_core.package_discovery[0m [1;30mLevel 1[0m discover_packages(colcon_meta) check parameters
[0.192s] [34mcolcon.colcon_core.package_discovery[0m [1;30mLevel 1[0m discover_packages(recursive) check parameters
[0.192s] [34mcolcon.colcon_core.package_discovery[0m [1;30mLevel 1[0m discover_packages(ignore) check parameters
[0.192s] [34mcolcon.colcon_core.package_discovery[0m [1;30mLevel 1[0m discover_packages(path) check parameters
[0.192s] [34mcolcon.colcon_core.package_discovery[0m [1;30mLevel 1[0m discover_packages(colcon_meta) discover
[0.192s] [34mcolcon.colcon_core.package_discovery[0m [1;30mLevel 1[0m discover_packages(recursive) discover
[0.192s] [34mcolcon.colcon_core.package_discovery[0m [1;30mINFO[0m Crawling recursively for packages in '/home/isha/repos/pallet-detection-segmentation/ros2_ws'
[0.192s] [34mcolcon.colcon_core.package_identification[0m [1;30mLevel 1[0m _identify(.) by extensions ['ignore', 'ignore_ament_install']
[0.192s] [34mcolcon.colcon_core.package_identification[0m [1;30mLevel 1[0m _identify(.) by extension 'ignore'
[0.192s] [34mcolcon.colcon_core.package_identification[0m [1;30mLevel 1[0m _identify(.) by extension 'ignore_ament_install'
[0.192s] [34mcolcon.colcon_core.package_identification[0m [1;30mLevel 1[0m _identify(.) by extensions ['colcon_pkg']
[0.192s] [34mcolcon.colcon_core.package_identification[0m [1;30mLevel 1[0m _identify(.) by extension 'colcon_pkg'
[0.192s] [34mcolcon.colcon_core.package_identification[0m [1;30mLevel 1[0m _identify(.) by extensions ['colcon_meta']
[0.192s] [34mcolcon.colcon_core.package_identification[0m [1;30mLevel 1[0m _identify(.) by extension 'colcon_meta'
[0.192s] [34mcolcon.colcon_core.package_identification[0m [1;30mLevel 1[0m _identify(.) by extensions ['ros']
[0.192s] [34mcolcon.colcon_core.package_identification[0m [1;30mLevel 1[0m _identify(.) by extension 'ros'
[0.198s] [34mcolcon.colcon_core.package_identification[0m [1;30mLevel 1[0m _identify(.) by extensions ['cmake', 'python']
[0.198s] [34mcolcon.colcon_core.package_identification[0m [1;30mLevel 1[0m _identify(.) by extension 'cmake'
[0.198s] [34mcolcon.colcon_core.package_identification[0m [1;30mLevel 1[0m _identify(.) by extension 'python'
[0.198s] [34mcolcon.colcon_core.package_identification[0m [1;30mLevel 1[0m _identify(.) by extensions ['python_setup_py']
[0.198s] [34mcolcon.colcon_core.package_identification[0m [1;30mLevel 1[0m _identify(.) by extension 'python_setup_py'
[0.198s] [34mcolcon.colcon_core.package_identification[0m [1;30mLevel 1[0m _identify(build) by extensions ['ignore', 'ignore_ament_install']
[0.198s] [34mcolcon.colcon_core.package_identification[0m [1;30mLevel 1[0m _identify(build) by extension 'ignore'
[0.198s] [34mcolcon.colcon_core.package_identification[0m [1;30mLevel 1[0m _identify(build) ignored
[0.198s] [34mcolcon.colcon_core.package_identification[0m [1;30mLevel 1[0m _identify(install) by extensions ['ignore', 'ignore_ament_install']
[0.198s] [34mcolcon.colcon_core.package_identification[0m [1;30mLevel 1[0m _identify(install) by extension 'ignore'
[0.198s] [34mcolcon.colcon_core.package_identification[0m [1;30mLevel 1[0m _identify(install) ignored
[0.198s] [34mcolcon.colcon_core.package_identification[0m [1;30mLevel 1[0m _identify(log) by extensions ['ignore', 'ignore_ament_install']
[0.198s] [34mcolcon.colcon_core.package_identification[0m [1;30mLevel 1[0m _identify(log) by extension 'ignore'
[0.198s] [34mcolcon.colcon_core.package_identification[0m [1;30mLevel 1[0m _identify(log) ignored
[0.198s] [34mcolcon.colcon_core.package_identification[0m [1;30mLevel 1[0m _identify(warehouse_segment_detect_publisher) by extensions ['ignore', 'ignore_ament_install']
[0.198s] [34mcolcon.colcon_core.package_identification[0m [1;30mLevel 1[0m _identify(warehouse_segment_detect_publisher) by extension 'ignore'
[0.198s] [34mcolcon.colcon_core.package_identification[0m [1;30mLevel 1[0m _identify(warehouse_segment_detect_publisher) by extension 'ignore_ament_install'
[0.198s] [34mcolcon.colcon_core.package_identification[0m [1;30mLevel 1[0m _identify(warehouse_segment_detect_publisher) by extensions ['colcon_pkg']
[0.198s] [34mcolcon.colcon_core.package_identification[0m [1;30mLevel 1[0m _identify(warehouse_segment_detect_publisher) by extension 'colcon_pkg'
[0.198s] [34mcolcon.colcon_core.package_identification[0m [1;30mLevel 1[0m _identify(warehouse_segment_detect_publisher) by extensions ['colcon_meta']
[0.198s] [34mcolcon.colcon_core.package_identification[0m [1;30mLevel 1[0m _identify(warehouse_segment_detect_publisher) by extension 'colcon_meta'
[0.198s] [34mcolcon.colcon_core.package_identification[0m [1;30mLevel 1[0m _identify(warehouse_segment_detect_publisher) by extensions ['ros']
[0.198s] [34mcolcon.colcon_core.package_identification[0m [1;30mLevel 1[0m _identify(warehouse_segment_detect_publisher) by extension 'ros'
[0.200s] [34mcolcon.colcon_core.package_identification[0m [1;30mDEBUG[0m [32mPackage 'warehouse_segment_detect_publisher' with type 'ros.ament_python' and name 'warehouse_segment_detect_publisher'[0m
[0.200s] [34mcolcon.colcon_core.package_discovery[0m [1;30mLevel 1[0m discover_packages(recursive) using defaults
[0.200s] [34mcolcon.colcon_core.package_discovery[0m [1;30mLevel 1[0m discover_packages(ignore) discover
[0.200s] [34mcolcon.colcon_core.package_discovery[0m [1;30mLevel 1[0m discover_packages(ignore) using defaults
[0.200s] [34mcolcon.colcon_core.package_discovery[0m [1;30mLevel 1[0m discover_packages(path) discover
[0.200s] [34mcolcon.colcon_core.package_discovery[0m [1;30mLevel 1[0m discover_packages(path) using defaults
[0.211s] [34mcolcon.colcon_core.package_discovery[0m [1;30mLevel 1[0m discover_packages(prefix_path) check parameters
[0.211s] [34mcolcon.colcon_core.package_discovery[0m [1;30mLevel 1[0m discover_packages(prefix_path) discover
[0.215s] [34mcolcon.colcon_installed_package_information.package_discovery[0m [1;30mDEBUG[0m [32mFound 1 installed packages in /home/isha/repos/pallet-detection-segmentation/ros2_ws/install[0m
[0.218s] [34mcolcon.colcon_installed_package_information.package_discovery[0m [1;30mDEBUG[0m [32mFound 346 installed packages in /home/isha/repos/installs/ros2_humble/install[0m
[0.219s] [34mcolcon.colcon_core.package_discovery[0m [1;30mLevel 1[0m discover_packages(prefix_path) using defaults
[0.229s] [34mcolcon.colcon_core.verb[0m [1;30mLevel 5[0m set package 'warehouse_segment_detect_publisher' build argument 'cmake_args' from command line to 'None'
[0.229s] [34mcolcon.colcon_core.verb[0m [1;30mLevel 5[0m set package 'warehouse_segment_detect_publisher' build argument 'cmake_target' from command line to 'None'
[0.229s] [34mcolcon.colcon_core.verb[0m [1;30mLevel 5[0m set package 'warehouse_segment_detect_publisher' build argument 'cmake_target_skip_unavailable' from command line to 'False'
[0.229s] [34mcolcon.colcon_core.verb[0m [1;30mLevel 5[0m set package 'warehouse_segment_detect_publisher' build argument 'cmake_clean_cache' from command line to 'False'
[0.229s] [34mcolcon.colcon_core.verb[0m [1;30mLevel 5[0m set package 'warehouse_segment_detect_publisher' build argument 'cmake_clean_first' from command line to 'False'
[0.229s] [34mcolcon.colcon_core.verb[0m [1;30mLevel 5[0m set package 'warehouse_segment_detect_publisher' build argument 'cmake_force_configure' from command line to 'False'
[0.229s] [34mcolcon.colcon_core.verb[0m [1;30mLevel 5[0m set package 'warehouse_segment_detect_publisher' build argument 'ament_cmake_args' from command line to 'None'
[0.229s] [34mcolcon.colcon_core.verb[0m [1;30mLevel 5[0m set package 'warehouse_segment_detect_publisher' build argument 'catkin_cmake_args' from command line to 'None'
[0.229s] [34mcolcon.colcon_core.verb[0m [1;30mLevel 5[0m set package 'warehouse_segment_detect_publisher' build argument 'catkin_skip_building_tests' from command line to 'False'
[0.229s] [34mcolcon.colcon_core.verb[0m [1;30mDEBUG[0m [32mBuilding package 'warehouse_segment_detect_publisher' with the following arguments: {'ament_cmake_args': None, 'build_base': '/home/isha/repos/pallet-detection-segmentation/ros2_ws/build/warehouse_segment_detect_publisher', 'catkin_cmake_args': None, 'catkin_skip_building_tests': False, 'cmake_args': None, 'cmake_clean_cache': False, 'cmake_clean_first': False, 'cmake_force_configure': False, 'cmake_target': None, 'cmake_target_skip_unavailable': False, 'install_base': '/home/isha/repos/pallet-detection-segmentation/ros2_ws/install/warehouse_segment_detect_publisher', 'merge_install': False, 'path': '/home/isha/repos/pallet-detection-segmentation/ros2_ws/warehouse_segment_detect_publisher', 'symlink_install': False, 'test_result_base': None}[0m
[0.229s] [34mcolcon.colcon_core.executor[0m [1;30mINFO[0m Executing jobs using 'parallel' executor
[0.229s] [34mcolcon.colcon_parallel_executor.executor.parallel[0m [1;30mDEBUG[0m [32mrun_until_complete[0m
[0.230s] [34mcolcon.colcon_ros.task.ament_python.build[0m [1;30mINFO[0m Building ROS package in '/home/isha/repos/pallet-detection-segmentation/ros2_ws/warehouse_segment_detect_publisher' with build type 'ament_python'
[0.230s] [34mcolcon.colcon_core.shell[0m [1;30mLevel 1[0m create_environment_hook('warehouse_segment_detect_publisher', 'ament_prefix_path')
[0.232s] [34mcolcon.colcon_core.plugin_system[0m [1;30mINFO[0m Skipping extension 'colcon_core.shell.bat': Not used on non-Windows systems
[0.232s] [34mcolcon.colcon_core.shell[0m [1;30mINFO[0m Creating environment hook '/home/isha/repos/pallet-detection-segmentation/ros2_ws/install/warehouse_segment_detect_publisher/share/warehouse_segment_detect_publisher/hook/ament_prefix_path.ps1'
[0.232s] [34mcolcon.colcon_core.shell[0m [1;30mINFO[0m Creating environment descriptor '/home/isha/repos/pallet-detection-segmentation/ros2_ws/install/warehouse_segment_detect_publisher/share/warehouse_segment_detect_publisher/hook/ament_prefix_path.dsv'
[0.232s] [34mcolcon.colcon_core.shell[0m [1;30mINFO[0m Creating environment hook '/home/isha/repos/pallet-detection-segmentation/ros2_ws/install/warehouse_segment_detect_publisher/share/warehouse_segment_detect_publisher/hook/ament_prefix_path.sh'
[0.232s] [34mcolcon.colcon_core.shell[0m [1;30mINFO[0m Skip shell extension 'powershell' for command environment: Not usable outside of PowerShell
[0.232s] [34mcolcon.colcon_core.shell[0m [1;30mDEBUG[0m [32mSkip shell extension 'dsv' for command environment[0m
[0.423s] [34mcolcon.colcon_core.task.python.build[0m [1;30mINFO[0m Building Python package in '/home/isha/repos/pallet-detection-segmentation/ros2_ws/warehouse_segment_detect_publisher'
[0.423s] [34mcolcon.colcon_core.shell[0m [1;30mINFO[0m Skip shell extension 'powershell' for command environment: Not usable outside of PowerShell
[0.423s] [34mcolcon.colcon_core.shell[0m [1;30mDEBUG[0m [32mSkip shell extension 'dsv' for command environment[0m
[0.692s] [34mcolcon.colcon_core.event_handler.log_command[0m [1;30mDEBUG[0m [32mInvoking command in '/home/isha/repos/pallet-detection-segmentation/ros2_ws/warehouse_segment_detect_publisher': PYTHONPATH=/home/isha/repos/pallet-detection-segmentation/ros2_ws/build/warehouse_segment_detect_publisher/prefix_override:/usr/lib/python3/dist-packages/colcon_core/task/python/colcon_distutils_commands:/home/isha/repos/pallet-detection-segmentation/ros2_ws/install/warehouse_segment_detect_publisher/lib/python3.10/site-packages:${PYTHONPATH} /usr/bin/python3 -W ignore:setup.py install is deprecated -W ignore:easy_install command is deprecated setup.py egg_info --egg-base ../build/warehouse_segment_detect_publisher build --build-base /home/isha/repos/pallet-detection-segmentation/ros2_ws/build/warehouse_segment_detect_publisher/build install --record /home/isha/repos/pallet-detection-segmentation/ros2_ws/build/warehouse_segment_detect_publisher/install.log --single-version-externally-managed install_data[0m
[0.895s] [34mcolcon.colcon_core.event_handler.log_command[0m [1;30mDEBUG[0m [32mInvoked command in '/home/isha/repos/pallet-detection-segmentation/ros2_ws/warehouse_segment_detect_publisher' returned '0': PYTHONPATH=/home/isha/repos/pallet-detection-segmentation/ros2_ws/build/warehouse_segment_detect_publisher/prefix_override:/usr/lib/python3/dist-packages/colcon_core/task/python/colcon_distutils_commands:/home/isha/repos/pallet-detection-segmentation/ros2_ws/install/warehouse_segment_detect_publisher/lib/python3.10/site-packages:${PYTHONPATH} /usr/bin/python3 -W ignore:setup.py install is deprecated -W ignore:easy_install command is deprecated setup.py egg_info --egg-base ../build/warehouse_segment_detect_publisher build --build-base /home/isha/repos/pallet-detection-segmentation/ros2_ws/build/warehouse_segment_detect_publisher/build install --record /home/isha/repos/pallet-detection-segmentation/ros2_ws/build/warehouse_segment_detect_publisher/install.log --single-version-externally-managed install_data[0m
[0.897s] [34mcolcon.colcon_core.environment[0m [1;30mLevel 1[0m checking '/home/isha/repos/pallet-detection-segmentation/ros2_ws/install/warehouse_segment_detect_publisher' for CMake module files
[0.897s] [34mcolcon.colcon_core.environment[0m [1;30mLevel 1[0m checking '/home/isha/repos/pallet-detection-segmentation/ros2_ws/install/warehouse_segment_detect_publisher' for CMake config files
[0.898s] [34mcolcon.colcon_core.environment[0m [1;30mLevel 1[0m checking '/home/isha/repos/pallet-detection-segmentation/ros2_ws/install/warehouse_segment_detect_publisher/lib'
[0.898s] [34mcolcon.colcon_core.environment[0m [1;30mLevel 1[0m checking '/home/isha/repos/pallet-detection-segmentation/ros2_ws/install/warehouse_segment_detect_publisher/bin'
[0.898s] [34mcolcon.colcon_core.environment[0m [1;30mLevel 1[0m checking '/home/isha/repos/pallet-detection-segmentation/ros2_ws/install/warehouse_segment_detect_publisher/lib/pkgconfig/warehouse_segment_detect_publisher.pc'
[0.898s] [34mcolcon.colcon_core.environment[0m [1;30mLevel 1[0m checking '/home/isha/repos/pallet-detection-segmentation/ros2_ws/install/warehouse_segment_detect_publisher/lib/python3.10/site-packages'
[0.898s] [34mcolcon.colcon_core.shell[0m [1;30mLevel 1[0m create_environment_hook('warehouse_segment_detect_publisher', 'pythonpath')
[0.898s] [34mcolcon.colcon_core.shell[0m [1;30mINFO[0m Creating environment hook '/home/isha/repos/pallet-detection-segmentation/ros2_ws/install/warehouse_segment_detect_publisher/share/warehouse_segment_detect_publisher/hook/pythonpath.ps1'
[0.898s] [34mcolcon.colcon_core.shell[0m [1;30mINFO[0m Creating environment descriptor '/home/isha/repos/pallet-detection-segmentation/ros2_ws/install/warehouse_segment_detect_publisher/share/warehouse_segment_detect_publisher/hook/pythonpath.dsv'
[0.899s] [34mcolcon.colcon_core.shell[0m [1;30mINFO[0m Creating environment hook '/home/isha/repos/pallet-detection-segmentation/ros2_ws/install/warehouse_segment_detect_publisher/share/warehouse_segment_detect_publisher/hook/pythonpath.sh'
[0.899s] [34mcolcon.colcon_core.environment[0m [1;30mLevel 1[0m checking '/home/isha/repos/pallet-detection-segmentation/ros2_ws/install/warehouse_segment_detect_publisher/bin'
[0.899s] [34mcolcon.colcon_core.environment[0m [1;30mLevel 1[0m create_environment_scripts_only(warehouse_segment_detect_publisher)
[0.899s] [34mcolcon.colcon_core.shell[0m [1;30mINFO[0m Creating package script '/home/isha/repos/pallet-detection-segmentation/ros2_ws/install/warehouse_segment_detect_publisher/share/warehouse_segment_detect_publisher/package.ps1'
[0.899s] [34mcolcon.colcon_core.shell[0m [1;30mINFO[0m Creating package descriptor '/home/isha/repos/pallet-detection-segmentation/ros2_ws/install/warehouse_segment_detect_publisher/share/warehouse_segment_detect_publisher/package.dsv'
[0.900s] [34mcolcon.colcon_core.shell[0m [1;30mINFO[0m Creating package script '/home/isha/repos/pallet-detection-segmentation/ros2_ws/install/warehouse_segment_detect_publisher/share/warehouse_segment_detect_publisher/package.sh'
[0.900s] [34mcolcon.colcon_core.shell[0m [1;30mINFO[0m Creating package script '/home/isha/repos/pallet-detection-segmentation/ros2_ws/install/warehouse_segment_detect_publisher/share/warehouse_segment_detect_publisher/package.bash'
[0.900s] [34mcolcon.colcon_core.shell[0m [1;30mINFO[0m Creating package script '/home/isha/repos/pallet-detection-segmentation/ros2_ws/install/warehouse_segment_detect_publisher/share/warehouse_segment_detect_publisher/package.zsh'
[0.900s] [34mcolcon.colcon_core.environment[0m [1;30mLevel 1[0m create_file_with_runtime_dependencies(/home/isha/repos/pallet-detection-segmentation/ros2_ws/install/warehouse_segment_detect_publisher/share/colcon-core/packages/warehouse_segment_detect_publisher)
[0.900s] [34mcolcon.colcon_parallel_executor.executor.parallel[0m [1;30mDEBUG[0m [32mclosing loop[0m
[0.900s] [34mcolcon.colcon_parallel_executor.executor.parallel[0m [1;30mDEBUG[0m [32mloop closed[0m
[0.901s] [34mcolcon.colcon_parallel_executor.executor.parallel[0m [1;30mDEBUG[0m [32mrun_until_complete finished with '0'[0m
[0.901s] [34mcolcon.colcon_core.event_reactor[0m [1;30mDEBUG[0m [32mjoining thread[0m
[0.905s] [34mcolcon.colcon_core.plugin_system[0m [1;30mINFO[0m Skipping extension 'colcon_notification.desktop_notification.terminal_notifier': Not used on non-Darwin systems
[0.905s] [34mcolcon.colcon_core.plugin_system[0m [1;30mINFO[0m Skipping extension 'colcon_notification.desktop_notification.win32': Not used on non-Windows systems
[0.905s] [34mcolcon.colcon_notification.desktop_notification[0m [1;30mINFO[0m Sending desktop notification using 'notify2'
[0.911s] [34mcolcon.colcon_core.event_reactor[0m [1;30mDEBUG[0m [32mjoined thread[0m
[0.911s] [34mcolcon.colcon_core.shell[0m [1;30mINFO[0m Creating prefix script '/home/isha/repos/pallet-detection-segmentation/ros2_ws/install/local_setup.ps1'
[0.911s] [34mcolcon.colcon_core.shell[0m [1;30mINFO[0m Creating prefix util module '/home/isha/repos/pallet-detection-segmentation/ros2_ws/install/_local_setup_util_ps1.py'
[0.912s] [34mcolcon.colcon_core.shell[0m [1;30mINFO[0m Creating prefix chain script '/home/isha/repos/pallet-detection-segmentation/ros2_ws/install/setup.ps1'
[0.916s] [34mcolcon.colcon_core.shell[0m [1;30mINFO[0m Creating prefix script '/home/isha/repos/pallet-detection-segmentation/ros2_ws/install/local_setup.sh'
[0.917s] [34mcolcon.colcon_core.shell[0m [1;30mINFO[0m Creating prefix util module '/home/isha/repos/pallet-detection-segmentation/ros2_ws/install/_local_setup_util_sh.py'
[0.917s] [34mcolcon.colcon_core.shell[0m [1;30mINFO[0m Creating prefix chain script '/home/isha/repos/pallet-detection-segmentation/ros2_ws/install/setup.sh'
[0.921s] [34mcolcon.colcon_core.shell[0m [1;30mINFO[0m Creating prefix script '/home/isha/repos/pallet-detection-segmentation/ros2_ws/install/local_setup.bash'
[0.921s] [34mcolcon.colcon_core.shell[0m [1;30mINFO[0m Creating prefix chain script '/home/isha/repos/pallet-detection-segmentation/ros2_ws/install/setup.bash'
[0.924s] [34mcolcon.colcon_core.shell[0m [1;30mINFO[0m Creating prefix script '/home/isha/repos/pallet-detection-segmentation/ros2_ws/install/local_setup.zsh'
[0.925s] [34mcolcon.colcon_core.shell[0m [1;30mINFO[0m Creating prefix chain script '/home/isha/repos/pallet-detection-segmentation/ros2_ws/install/setup.zsh'
